# JRE version: OpenJDK Runtime Environment (8.0_252-b09) (build 1.8.0_252-8u252-b09-1~16.04-b09)
# Java VM: OpenJDK 64-Bit Server VM (25.252-b09 mixed mode linux-amd64 compressed oops)
Heap:
 PSYoungGen      total 69632K, used 6640K [0x00000000ebf00000, 0x00000000f0a00000, 0x0000000100000000)
  eden space 62976K, 0% used [0x00000000ebf00000,0x00000000ebf00000,0x00000000efc80000)
  from space 6656K, 99% used [0x00000000efc80000,0x00000000f02fc010,0x00000000f0300000)
  to   space 6144K, 0% used [0x00000000f0300000,0x00000000f0300000,0x00000000f0900000)
 ParOldGen       total 42496K, used 7796K [0x00000000c3c00000, 0x00000000c6580000, 0x00000000ebf00000)
  object space 42496K, 18% used [0x00000000c3c00000,0x00000000c439d188,0x00000000c6580000)
 Metaspace       used 17537K, capacity 17864K, committed 18048K, reserved 1064960K
  class space    used 2030K, capacity 2116K, committed 2176K, reserved 1048576K
GC Heap History (10 events):
Event: 5.676 GC heap after
Heap after GC invocations=2 (full 0):
 PSYoungGen      total 18432K, used 2539K [0x00000000ebf00000, 0x00000000ee300000, 0x0000000100000000)
  eden space 15872K, 0% used [0x00000000ebf00000,0x00000000ebf00000,0x00000000ece80000)
  from space 2560K, 99% used [0x00000000ed100000,0x00000000ed37aee8,0x00000000ed380000)
  to   space 2560K, 0% used [0x00000000ece80000,0x00000000ece80000,0x00000000ed100000)
 ParOldGen       total 42496K, used 743K [0x00000000c3c00000, 0x00000000c6580000, 0x00000000ebf00000)
  object space 42496K, 1% used [0x00000000c3c00000,0x00000000c3cb9c68,0x00000000c6580000)
 Metaspace       used 7903K, capacity 8124K, committed 8320K, reserved 1056768K
  class space    used 967K, capacity 1048K, committed 1152K, reserved 1048576K
}
Event: 6.231 GC heap before
{Heap before GC invocations=3 (full 0):
 PSYoungGen      total 18432K, used 18411K [0x00000000ebf00000, 0x00000000ee300000, 0x0000000100000000)
  eden space 15872K, 100% used [0x00000000ebf00000,0x00000000ece80000,0x00000000ece80000)
  from space 2560K, 99% used [0x00000000ed100000,0x00000000ed37aee8,0x00000000ed380000)
  to   space 2560K, 0% used [0x00000000ece80000,0x00000000ece80000,0x00000000ed100000)
 ParOldGen       total 42496K, used 743K [0x00000000c3c00000, 0x00000000c6580000, 0x00000000ebf00000)
  object space 42496K, 1% used [0x00000000c3c00000,0x00000000c3cb9c68,0x00000000c6580000)
 Metaspace       used 9587K, capacity 9716K, committed 9984K, reserved 1058816K
  class space    used 1147K, capacity 1213K, committed 1280K, reserved 1048576K
Event: 6.235 GC heap after
Heap after GC invocations=3 (full 0):
 PSYoungGen      total 18432K, used 2554K [0x00000000ebf00000, 0x00000000ee300000, 0x0000000100000000)
  eden space 15872K, 0% used [0x00000000ebf00000,0x00000000ebf00000,0x00000000ece80000)
  from space 2560K, 99% used [0x00000000ece80000,0x00000000ed0fe8a8,0x00000000ed100000)
  to   space 2560K, 0% used [0x00000000ee080000,0x00000000ee080000,0x00000000ee300000)
 ParOldGen       total 42496K, used 2163K [0x00000000c3c00000, 0x00000000c6580000, 0x00000000ebf00000)
  object space 42496K, 5% used [0x00000000c3c00000,0x00000000c3e1cc38,0x00000000c6580000)
 Metaspace       used 9587K, capacity 9716K, committed 9984K, reserved 1058816K
  class space    used 1147K, capacity 1213K, committed 1280K, reserved 1048576K
}
Event: 6.628 GC heap before
{Heap before GC invocations=4 (full 0):
 PSYoungGen      total 18432K, used 18426K [0x00000000ebf00000, 0x00000000ee300000, 0x0000000100000000)
  eden space 15872K, 100% used [0x00000000ebf00000,0x00000000ece80000,0x00000000ece80000)
  from space 2560K, 99% used [0x00000000ece80000,0x00000000ed0fe8a8,0x00000000ed100000)
  to   space 2560K, 0% used [0x00000000ee080000,0x00000000ee080000,0x00000000ee300000)
 ParOldGen       total 42496K, used 2163K [0x00000000c3c00000, 0x00000000c6580000, 0x00000000ebf00000)
  object space 42496K, 5% used [0x00000000c3c00000,0x00000000c3e1cc38,0x00000000c6580000)
 Metaspace       used 11492K, capacity 11656K, committed 11776K, reserved 1058816K
  class space    used 1409K, capacity 1476K, committed 1536K, reserved 1048576K
Event: 6.638 GC heap after
Heap after GC invocations=4 (full 0):
 PSYoungGen      total 34304K, used 2528K [0x00000000ebf00000, 0x00000000ee300000, 0x0000000100000000)
  eden space 31744K, 0% used [0x00000000ebf00000,0x00000000ebf00000,0x00000000ede00000)
  from space 2560K, 98% used [0x00000000ee080000,0x00000000ee2f8020,0x00000000ee300000)
  to   space 2560K, 0% used [0x00000000ede00000,0x00000000ede00000,0x00000000ee080000)
 ParOldGen       total 42496K, used 4358K [0x00000000c3c00000, 0x00000000c6580000, 0x00000000ebf00000)
  object space 42496K, 10% used [0x00000000c3c00000,0x00000000c4041a40,0x00000000c6580000)
 Metaspace       used 11492K, capacity 11656K, committed 11776K, reserved 1058816K
  class space    used 1409K, capacity 1476K, committed 1536K, reserved 1048576K
}
Event: 7.831 GC heap before
{Heap before GC invocations=5 (full 0):
 PSYoungGen      total 34304K, used 34272K [0x00000000ebf00000, 0x00000000ee300000, 0x0000000100000000)
  eden space 31744K, 100% used [0x00000000ebf00000,0x00000000ede00000,0x00000000ede00000)
  from space 2560K, 98% used [0x00000000ee080000,0x00000000ee2f8020,0x00000000ee300000)
  to   space 2560K, 0% used [0x00000000ede00000,0x00000000ede00000,0x00000000ee080000)
 ParOldGen       total 42496K, used 4358K [0x00000000c3c00000, 0x00000000c6580000, 0x00000000ebf00000)
  object space 42496K, 10% used [0x00000000c3c00000,0x00000000c4041a40,0x00000000c6580000)
 Metaspace       used 13879K, capacity 14118K, committed 14464K, reserved 1062912K
  class space    used 1687K, capacity 1801K, committed 1920K, reserved 1048576K
Event: 7.840 GC heap after
Heap after GC invocations=5 (full 0):
 PSYoungGen      total 34304K, used 2528K [0x00000000ebf00000, 0x00000000f0900000, 0x0000000100000000)
  eden space 31744K, 0% used [0x00000000ebf00000,0x00000000ebf00000,0x00000000ede00000)
  from space 2560K, 98% used [0x00000000ede00000,0x00000000ee078020,0x00000000ee080000)
  to   space 6144K, 0% used [0x00000000f0300000,0x00000000f0300000,0x00000000f0900000)
 ParOldGen       total 42496K, used 6494K [0x00000000c3c00000, 0x00000000c6580000, 0x00000000ebf00000)
  object space 42496K, 15% used [0x00000000c3c00000,0x00000000c42578e8,0x00000000c6580000)
 Metaspace       used 13879K, capacity 14118K, committed 14464K, reserved 1062912K
  class space    used 1687K, capacity 1801K, committed 1920K, reserved 1048576K
}
Event: 15.447 GC heap before
{Heap before GC invocations=6 (full 0):
 PSYoungGen      total 34304K, used 34272K [0x00000000ebf00000, 0x00000000f0900000, 0x0000000100000000)
  eden space 31744K, 100% used [0x00000000ebf00000,0x00000000ede00000,0x00000000ede00000)
  from space 2560K, 98% used [0x00000000ede00000,0x00000000ee078020,0x00000000ee080000)
  to   space 6144K, 0% used [0x00000000f0300000,0x00000000f0300000,0x00000000f0900000)
 ParOldGen       total 42496K, used 6494K [0x00000000c3c00000, 0x00000000c6580000, 0x00000000ebf00000)
  object space 42496K, 15% used [0x00000000c3c00000,0x00000000c42578e8,0x00000000c6580000)
 Metaspace       used 16333K, capacity 16592K, committed 16896K, reserved 1064960K
  class space    used 1927K, capacity 2038K, committed 2048K, reserved 1048576K
Event: 15.469 GC heap after
Heap after GC invocations=6 (full 0):
 PSYoungGen      total 69120K, used 6115K [0x00000000ebf00000, 0x00000000f0a00000, 0x0000000100000000)
  eden space 62976K, 0% used [0x00000000ebf00000,0x00000000ebf00000,0x00000000efc80000)
  from space 6144K, 99% used [0x00000000f0300000,0x00000000f08f8ee8,0x00000000f0900000)
  to   space 6656K, 0% used [0x00000000efc80000,0x00000000efc80000,0x00000000f0300000)
 ParOldGen       total 42496K, used 6502K [0x00000000c3c00000, 0x00000000c6580000, 0x00000000ebf00000)
  object space 42496K, 15% used [0x00000000c3c00000,0x00000000c42598e8,0x00000000c6580000)
 Metaspace       used 16333K, capacity 16592K, committed 16896K, reserved 1064960K
  class space    used 1927K, capacity 2038K, committed 2048K, reserved 1048576K
}
Event: 131.984 GC heap before
{Heap before GC invocations=7 (full 0):
 PSYoungGen      total 69120K, used 69091K [0x00000000ebf00000, 0x00000000f0a00000, 0x0000000100000000)
  eden space 62976K, 100% used [0x00000000ebf00000,0x00000000efc80000,0x00000000efc80000)
  from space 6144K, 99% used [0x00000000f0300000,0x00000000f08f8ee8,0x00000000f0900000)
  to   space 6656K, 0% used [0x00000000efc80000,0x00000000efc80000,0x00000000f0300000)
 ParOldGen       total 42496K, used 6502K [0x00000000c3c00000, 0x00000000c6580000, 0x00000000ebf00000)
  object space 42496K, 15% used [0x00000000c3c00000,0x00000000c42598e8,0x00000000c6580000)
 Metaspace       used 17537K, capacity 17864K, committed 18048K, reserved 1064960K
  class space    used 2030K, capacity 2116K, committed 2176K, reserved 1048576K

