<?xml version="1.0" encoding="UTF-8"?>
<!-- Generated by org.testng.reporters.JUnitXMLReporter -->
<testsuite hostname="swapnil-Vostro-3550" name="Default test" tests="5" failures="0" timestamp="7 Aug 2020 14:00:01 GMT" time="0.05" errors="0">
  <testcase name="checkFileExistance" time="0.007" classname="apachepoidemo.ExcelDataProvider"/>
  <testcase name="getDatafromSingleCell" time="0.009" classname="apachepoidemo.ExcelDataProvider"/>
  <testcase name="getDatafromSingleRowMultipleCols" time="0.004" classname="apachepoidemo.ExcelDataProvider"/>
  <testcase name="getDatafromMultipleRowsSingleCol" time="0.003" classname="apachepoidemo.ExcelDataProvider"/>
  <testcase name="getDatafromMultipleRowsMultipleCols" time="0.005" classname="apachepoidemo.ExcelDataProvider"/>
</testsuite> <!-- Default test -->
