<?xml version="1.0" encoding="UTF-8"?>
<!-- Generated by org.testng.reporters.JUnitXMLReporter -->
<testsuite hostname="swapnil-Vostro-3550" name="Test" tests="5" failures="0" timestamp="7 Aug 2020 14:01:05 GMT" time="0.02" errors="0">
  <testcase name="checkFileExistance" time="0.001" classname="apachepoidemo.ExcelDataProvider"/>
  <testcase name="getDatafromSingleCell" time="0.005" classname="apachepoidemo.ExcelDataProvider"/>
  <testcase name="getDatafromSingleRowMultipleCols" time="0.001" classname="apachepoidemo.ExcelDataProvider"/>
  <testcase name="getDatafromMultipleRowsSingleCol" time="0.001" classname="apachepoidemo.ExcelDataProvider"/>
  <testcase name="getDatafromMultipleRowsMultipleCols" time="0.003" classname="apachepoidemo.ExcelDataProvider"/>
</testsuite> <!-- Test -->
