<?xml version="1.0" encoding="UTF-8"?>
<testng-results skipped="0" failed="0" total="5" passed="5">
  <reporter-output>
  </reporter-output>
  <suite name="Suite" duration-ms="20" started-at="2020-08-07T14:01:05Z" finished-at="2020-08-07T14:01:05Z">
    <groups>
    </groups>
    <test name="Test" duration-ms="20" started-at="2020-08-07T14:01:05Z" finished-at="2020-08-07T14:01:05Z">
      <class name="apachepoidemo.ExcelDataProvider">
        <test-method status="PASS" signature="setup()[pri:0, instance:apachepoidemo.ExcelDataProvider@2c8d66b2]" name="setup" is-config="true" duration-ms="602" started-at="2020-08-07T19:31:04Z" finished-at="2020-08-07T19:31:05Z">
          <reporter-output>
          </reporter-output>
        </test-method> <!-- setup -->
        <test-method status="PASS" signature="checkFileExistance()[pri:0, instance:apachepoidemo.ExcelDataProvider@2c8d66b2]" name="checkFileExistance" duration-ms="1" started-at="2020-08-07T19:31:05Z" finished-at="2020-08-07T19:31:05Z">
          <reporter-output>
          </reporter-output>
        </test-method> <!-- checkFileExistance -->
        <test-method status="PASS" signature="getDatafromSingleCell()[pri:0, instance:apachepoidemo.ExcelDataProvider@2c8d66b2]" name="getDatafromSingleCell" duration-ms="5" started-at="2020-08-07T19:31:05Z" depends-on-methods="apachepoidemo.ExcelDataProvider.checkFileExistance" finished-at="2020-08-07T19:31:05Z">
          <reporter-output>
          </reporter-output>
        </test-method> <!-- getDatafromSingleCell -->
        <test-method status="PASS" signature="getDatafromSingleRowMultipleCols()[pri:0, instance:apachepoidemo.ExcelDataProvider@2c8d66b2]" name="getDatafromSingleRowMultipleCols" duration-ms="1" started-at="2020-08-07T19:31:05Z" depends-on-methods="apachepoidemo.ExcelDataProvider.checkFileExistance" finished-at="2020-08-07T19:31:05Z">
          <reporter-output>
          </reporter-output>
        </test-method> <!-- getDatafromSingleRowMultipleCols -->
        <test-method status="PASS" signature="getDatafromMultipleRowsSingleCol()[pri:0, instance:apachepoidemo.ExcelDataProvider@2c8d66b2]" name="getDatafromMultipleRowsSingleCol" duration-ms="1" started-at="2020-08-07T19:31:05Z" depends-on-methods="apachepoidemo.ExcelDataProvider.checkFileExistance" finished-at="2020-08-07T19:31:05Z">
          <reporter-output>
          </reporter-output>
        </test-method> <!-- getDatafromMultipleRowsSingleCol -->
        <test-method status="PASS" signature="getDatafromMultipleRowsMultipleCols()[pri:0, instance:apachepoidemo.ExcelDataProvider@2c8d66b2]" name="getDatafromMultipleRowsMultipleCols" duration-ms="3" started-at="2020-08-07T19:31:05Z" depends-on-methods="apachepoidemo.ExcelDataProvider.checkFileExistance" finished-at="2020-08-07T19:31:05Z">
          <reporter-output>
          </reporter-output>
        </test-method> <!-- getDatafromMultipleRowsMultipleCols -->
        <test-method status="PASS" signature="tearDown()[pri:0, instance:apachepoidemo.ExcelDataProvider@2c8d66b2]" name="tearDown" is-config="true" duration-ms="1" started-at="2020-08-07T19:31:05Z" finished-at="2020-08-07T19:31:05Z">
          <reporter-output>
          </reporter-output>
        </test-method> <!-- tearDown -->
      </class> <!-- apachepoidemo.ExcelDataProvider -->
    </test> <!-- Test -->
  </suite> <!-- Suite -->
</testng-results>
