<?xml version="1.0" encoding="UTF-8"?>
<testng-results skipped="0" failed="0" total="5" passed="5">
  <reporter-output>
  </reporter-output>
  <suite name="Suite" duration-ms="50" started-at="2020-08-07T14:00:08Z" finished-at="2020-08-07T14:00:08Z">
    <groups>
    </groups>
    <test name="Test" duration-ms="50" started-at="2020-08-07T14:00:08Z" finished-at="2020-08-07T14:00:08Z">
      <class name="apachepoidemo.ExcelDataProvider">
        <test-method status="PASS" signature="setup()[pri:0, instance:apachepoidemo.ExcelDataProvider@29ee9faa]" name="setup" is-config="true" duration-ms="741" started-at="2020-08-07T19:30:08Z" finished-at="2020-08-07T19:30:08Z">
          <reporter-output>
          </reporter-output>
        </test-method> <!-- setup -->
        <test-method status="PASS" signature="checkFileExistance()[pri:0, instance:apachepoidemo.ExcelDataProvider@29ee9faa]" name="checkFileExistance" duration-ms="7" started-at="2020-08-07T19:30:08Z" finished-at="2020-08-07T19:30:08Z">
          <reporter-output>
          </reporter-output>
        </test-method> <!-- checkFileExistance -->
        <test-method status="PASS" signature="getDatafromSingleCell()[pri:0, instance:apachepoidemo.ExcelDataProvider@29ee9faa]" name="getDatafromSingleCell" duration-ms="9" started-at="2020-08-07T19:30:08Z" depends-on-methods="apachepoidemo.ExcelDataProvider.checkFileExistance" finished-at="2020-08-07T19:30:08Z">
          <reporter-output>
          </reporter-output>
        </test-method> <!-- getDatafromSingleCell -->
        <test-method status="PASS" signature="getDatafromSingleRowMultipleCols()[pri:0, instance:apachepoidemo.ExcelDataProvider@29ee9faa]" name="getDatafromSingleRowMultipleCols" duration-ms="4" started-at="2020-08-07T19:30:08Z" depends-on-methods="apachepoidemo.ExcelDataProvider.checkFileExistance" finished-at="2020-08-07T19:30:08Z">
          <reporter-output>
          </reporter-output>
        </test-method> <!-- getDatafromSingleRowMultipleCols -->
        <test-method status="PASS" signature="getDatafromMultipleRowsSingleCol()[pri:0, instance:apachepoidemo.ExcelDataProvider@29ee9faa]" name="getDatafromMultipleRowsSingleCol" duration-ms="2" started-at="2020-08-07T19:30:08Z" depends-on-methods="apachepoidemo.ExcelDataProvider.checkFileExistance" finished-at="2020-08-07T19:30:08Z">
          <reporter-output>
          </reporter-output>
        </test-method> <!-- getDatafromMultipleRowsSingleCol -->
        <test-method status="PASS" signature="getDatafromMultipleRowsMultipleCols()[pri:0, instance:apachepoidemo.ExcelDataProvider@29ee9faa]" name="getDatafromMultipleRowsMultipleCols" duration-ms="5" started-at="2020-08-07T19:30:08Z" depends-on-methods="apachepoidemo.ExcelDataProvider.checkFileExistance" finished-at="2020-08-07T19:30:08Z">
          <reporter-output>
          </reporter-output>
        </test-method> <!-- getDatafromMultipleRowsMultipleCols -->
        <test-method status="PASS" signature="tearDown()[pri:0, instance:apachepoidemo.ExcelDataProvider@29ee9faa]" name="tearDown" is-config="true" duration-ms="0" started-at="2020-08-07T19:30:08Z" finished-at="2020-08-07T19:30:08Z">
          <reporter-output>
          </reporter-output>
        </test-method> <!-- tearDown -->
      </class> <!-- apachepoidemo.ExcelDataProvider -->
    </test> <!-- Test -->
  </suite> <!-- Suite -->
</testng-results>
